<?xml version="1.0" encoding="UTF-8"?>
<testsuite xmlns:xsi="http://www.w3.org/2001/XMLSchema-instance" xsi:schemaLocation="https://maven.apache.org/surefire/maven-surefire-plugin/xsd/surefire-test-report.xsd" name="org.jpmml.sklearn.ClassifierTest" time="17.495" tests="51" errors="0" skipped="0" failures="0">
  <properties>
[...]
</properties>
  <testcase name="evaluateLogisticRegressionEnsembleIris" classname="org.jpmml.sklearn.ClassifierTest" time="0.041"/>
  <testcase name="evaluateDecisionTreeAudit" classname="org.jpmml.sklearn.ClassifierTest" time="0.164"/>
  <testcase name="evaluateRidgeAudit" classname="org.jpmml.sklearn.ClassifierTest" time="0.141"/>
  <testcase name="evaluateXGBAudit" classname="org.jpmml.sklearn.ClassifierTest" time="0.563"/>
  <testcase name="evaluateNuSVCVersicolor" classname="org.jpmml.sklearn.ClassifierTest" time="0.024"/>
  <testcase name="evaluateSGDIris" classname="org.jpmml.sklearn.ClassifierTest" time="0.015"/>
  <testcase name="evaluateMLPVersicolor" classname="org.jpmml.sklearn.ClassifierTest" time="0.017"/>
  <testcase name="evaluateGradientBoostingIris" classname="org.jpmml.sklearn.ClassifierTest" time="0.059"/>
  <testcase name="evaluateDecisionTreeIris" classname="org.jpmml.sklearn.ClassifierTest" time="0.013"/>
  <testcase name="evaluateXGBIris" classname="org.jpmml.sklearn.ClassifierTest" time="0.029"/>
  <testcase name="evaluateLinearDiscriminantAnalysisAudit" classname="org.jpmml.sklearn.ClassifierTest" time="0.198"/>
  <testcase name="evaluateKNNVersicolor" classname="org.jpmml.sklearn.ClassifierTest" time="0.093"/>
  <testcase name="evaluateSVCAudit" classname="org.jpmml.sklearn.ClassifierTest" time="1.878"/>
  <testcase name="evaluateSVCIris" classname="org.jpmml.sklearn.ClassifierTest" time="0.017"/>
  <testcase name="evaluateLGBMIris" classname="org.jpmml.sklearn.ClassifierTest" time="0.036"/>
  <testcase name="evaluateLogisticRegressionEnsembleAudit" classname="org.jpmml.sklearn.ClassifierTest" time="0.141"/>
  <testcase name="evaluateNaiveBayesAudit" classname="org.jpmml.sklearn.ClassifierTest" time="4.646"/>
  <testcase name="evaluateDecisionTreeAuditNA" classname="org.jpmml.sklearn.ClassifierTest" time="0.04"/>
  <testcase name="evaluateRandomForestIris" classname="org.jpmml.sklearn.ClassifierTest" time="0.025"/>
  <testcase name="evaluatExtraTreesAudit" classname="org.jpmml.sklearn.ClassifierTest" time="0.322"/>
  <testcase name="evaluateLogisticRegressionAudit" classname="org.jpmml.sklearn.ClassifierTest" time="0.089"/>
  <testcase name="evaluateLGBMAudit" classname="org.jpmml.sklearn.ClassifierTest" time="0.14"/>
  <testcase name="evaluateSVCVersicolor" classname="org.jpmml.sklearn.ClassifierTest" time="0.022"/>
  <testcase name="evaluateLinearDiscriminantAnalysisIris" classname="org.jpmml.sklearn.ClassifierTest" time="0.015"/>
  <testcase name="evaluateDecisionTreeVersicolor" classname="org.jpmml.sklearn.ClassifierTest" time="0.004"/>
  <testcase name="evaluateRidgeEnsembleAudit" classname="org.jpmml.sklearn.ClassifierTest" time="0.11"/>
  <testcase name="evaluateExtraTreesIris" classname="org.jpmml.sklearn.ClassifierTest" time="0.018"/>
  <testcase name="evaluateKNNIris" classname="org.jpmml.sklearn.ClassifierTest" time="0.037"/>
  <testcase name="evaluateSGDLogVersicolor" classname="org.jpmml.sklearn.ClassifierTest" time="0.01"/>
  <testcase name="evaluateDummyIris" classname="org.jpmml.sklearn.ClassifierTest" time="0.004"/>
  <testcase name="evaluateSGDVersicolor" classname="org.jpmml.sklearn.ClassifierTest" time="0.008"/>
  <testcase name="evaluateNaiveBayesIris" classname="org.jpmml.sklearn.ClassifierTest" time="0.026"/>
  <testcase name="evaluateGradientBoostingAudit" classname="org.jpmml.sklearn.ClassifierTest" time="0.428"/>
  <testcase name="evaluateLogisticRegressionIris" classname="org.jpmml.sklearn.ClassifierTest" time="0.012"/>
  <testcase name="evaluateDummyAudit" classname="org.jpmml.sklearn.ClassifierTest" time="0.015"/>
  <testcase name="evaluateDecisionTreeEnsembleIris" classname="org.jpmml.sklearn.ClassifierTest" time="0.014"/>
  <testcase name="evaluateRandomForestSentiment" classname="org.jpmml.sklearn.ClassifierTest" time="0.949"/>
  <testcase name="evaluateNuSVCIris" classname="org.jpmml.sklearn.ClassifierTest" time="0.016"/>
  <testcase name="evaluateSGDLogIris" classname="org.jpmml.sklearn.ClassifierTest" time="0.012"/>
  <testcase name="evaluateLogisticRegressionAuditNA" classname="org.jpmml.sklearn.ClassifierTest" time="0.023"/>
  <testcase name="evaluateDecisionTreeAuditDict" classname="org.jpmml.sklearn.ClassifierTest" time="0.025"/>
  <testcase name="evaluateRidgeIris" classname="org.jpmml.sklearn.ClassifierTest" time="0.01"/>
  <testcase name="evaluateRidgeEnsembleIris" classname="org.jpmml.sklearn.ClassifierTest" time="0.011"/>
  <testcase name="evaluateMLPIris" classname="org.jpmml.sklearn.ClassifierTest" time="0.014"/>
  <testcase name="evaluateDummyVersicolor" classname="org.jpmml.sklearn.ClassifierTest" time="0.003"/>
  <testcase name="evaluateVotingEnsembleIris" classname="org.jpmml.sklearn.ClassifierTest" time="0.03"/>
  <testcase name="evaluateDecisionTreeEnsembleAudit" classname="org.jpmml.sklearn.ClassifierTest" time="0.138"/>
  <testcase name="evaluateLogisticRegressionAuditDict" classname="org.jpmml.sklearn.ClassifierTest" time="0.021"/>
  <testcase name="evaluateLogisticRegressionSentiment" classname="org.jpmml.sklearn.ClassifierTest" time="1.553"/>
  <testcase name="evaluateVotingEnsembleAudit" classname="org.jpmml.sklearn.ClassifierTest" time="5.022"/>
  <testcase name="evaluateRandomForestAudit" classname="org.jpmml.sklearn.ClassifierTest" time="0.246"/>
</testsuite>